<?xml version="1.0" encoding="UTF-8"?>
<!-- Generated by org.testng.reporters.JUnitXMLReporter -->
<testsuite ignored="0" hostname="DESKTOP-U1KFR28" failures="0" tests="1" name="Default test" time="0.064" errors="0" timestamp="2023-10-10T16:27:43 IST">
  <testcase classname="TestNGTest.TestClass" name="@BeforeTest launchBrowser" time="-1.696935463008E9">
    <failure type="org.testng.TestNGException" message="
Parameter &amp;apos;browser&amp;apos; is required by BeforeTest on method launchBrowser but has not been marked @Optional or defined
in C:\Users\Prajakta\AppData\Local\Temp\testng-eclipse-1021933783\testng-customsuite.xml">
      <![CDATA[org.testng.TestNGException: 
Parameter 'browser' is required by BeforeTest on method launchBrowser but has not been marked @Optional or defined
in C:\Users\Prajakta\AppData\Local\Temp\testng-eclipse-1021933783\testng-customsuite.xml
at org.testng.internal.Parameters.createParams(Parameters.java:267)
at org.testng.internal.Parameters.createParametersForMethod(Parameters.java:355)
at org.testng.internal.Parameters.createParameters(Parameters.java:684)
at org.testng.internal.Parameters.createConfigurationParameters(Parameters.java:166)
at org.testng.internal.invokers.ConfigInvoker.invokeConfigurations(ConfigInvoker.java:306)
at org.testng.TestRunner.invokeTestConfigurations(TestRunner.java:663)
at org.testng.TestRunner.beforeRun(TestRunner.java:652)
at org.testng.TestRunner.run(TestRunner.java:614)
at org.testng.SuiteRunner.runTest(SuiteRunner.java:443)
at org.testng.SuiteRunner.runSequentially(SuiteRunner.java:437)
at org.testng.SuiteRunner.privateRun(SuiteRunner.java:397)
at org.testng.SuiteRunner.run(SuiteRunner.java:336)
at org.testng.SuiteRunnerWorker.runSuite(SuiteRunnerWorker.java:52)
at org.testng.SuiteRunnerWorker.run(SuiteRunnerWorker.java:95)
at org.testng.TestNG.runSuitesSequentially(TestNG.java:1280)
at org.testng.TestNG.runSuitesLocally(TestNG.java:1200)
at org.testng.TestNG.runSuites(TestNG.java:1114)
at org.testng.TestNG.run(TestNG.java:1082)
at org.testng.remote.AbstractRemoteTestNG.run(AbstractRemoteTestNG.java:115)
at org.testng.remote.RemoteTestNG.initAndRun(RemoteTestNG.java:251)
at org.testng.remote.RemoteTestNG.main(RemoteTestNG.java:77)
]]>
    </failure>
  </testcase> <!-- @BeforeTest launchBrowser -->
  <testcase classname="TestNGTest.TestClass" name="@BeforeClass creatingPOMObjects" time="0.0">
    <skipped/>
  </testcase> <!-- @BeforeClass creatingPOMObjects -->
  <testcase classname="TestNGTest.TestClass" name="@BeforeMethod openHomePage" time="0.0">
    <skipped/>
  </testcase> <!-- @BeforeMethod openHomePage -->
  <testcase classname="TestNGTest.TestClass" name="@AfterMethod logOutFromApplication" time="0.0">
    <skipped/>
  </testcase> <!-- @AfterMethod logOutFromApplication -->
  <testcase classname="TestNGTest.TestClass" name="@AfterClass clearObject" time="0.0">
    <skipped/>
  </testcase> <!-- @AfterClass clearObject -->
  <testcase classname="TestNGTest.TestClass" name="@AfterTest closeBrowser" time="0.0">
    <skipped/>
  </testcase> <!-- @AfterTest closeBrowser -->
  <testcase classname="TestNGTest.TestClass" name="bookFreeSession" time="0.001">
    <skipped/>
  </testcase> <!-- bookFreeSession -->
</testsuite> <!-- Default test -->
